VM1373:1 Console was cleared
undefined
fufunction step_iter (start, steps){
return function () {
var i = start;
start = start+steps;
return i; 
}

}
VM2105:1 Uncaught SyntaxError: Unexpected identifier
function step_iter (start, steps){
return function () {
var i = start;
start = start+steps;
return i; 
}

}
undefined
step_iter(2,1)
ƒ () {
var i = start;
start = start+steps;
return i; 
}
var mus = step_iter(2,1)
undefined
mus();
2
mus();
3
var mus = step_iter(2,8)
undefined
mus();
2
mus();
10
mus();
18
mus();
26
var a = [2,3,3,5,7,9,5,6,10]
undefined
a.filter(function (a) { return a%2==0;});
(3) [2, 6, 10]
a.filter(function (a) { return a%2!=0;});
(6) [3, 3, 5, 7, 9, 5]
a.filter(function (a) { return a%2!=0;});
(6) [3, 3, 5, 7, 9, 5]0: 31: 32: 53: 74: 95: 5length: 6__proto__: Array(0)
filter 
VM2739:1 Uncaught ReferenceError: filter is not defined
    at <anonymous>:1:1
(anonymous) @ VM2739:1
filter()
VM2814:1 Uncaught ReferenceError: filter is not defined
    at <anonymous>:1:1
(anonymous) @ VM2814:1
a.reduce(function(previous, current, a){return previous+current},0)
50
a.reduce(function(previous, current, a){return previous+current},0);
50
var a = [2,3,3,5,7,9,5,6,10,5]

undefined
a.reduce(function(previous, current, a){return previous+current},0);
55
a.reduce(function(previous, current, a){return previous+current},1);
56
a.reduce(function(previous, current, a){return previous+current},5);
60
a.reduce(function(previous, current, a){return previous+current},0);
55
a.reduce(function(previous, current, b){return previous+current},0);
55
a.reduce(function(previous, current){return previous+current},0);
55
a.reduce(function(previous, current){return previous+current},0);
55
function sum () {
var res = 0;
for(var i = 0; i<=arguments.length; i++){
res +=arguments[i];
}
}
undefined
sum(1,2,3)
undefined
function sum () {
var res = 0;
for(var i = 0; i<=arguments.length; i++){
return res +=arguments[i];
}
}
undefined
sum(1,2,3)
1
function sum () {
var res = 0;
for(var i = 0; i<=arguments.length; i++){
res +=arguments[i];
}
return res;
}
undefined
sum(1,2,3)
NaN
function sum () {
var res = 0;
for(var i = 0; i<arguments.length; i++){
res +=arguments[i];
}
return res;
}
undefined
sum(1,2,3)
6
function sum () {
var res = 0;
for(var i = 0; i<=arguments.length; i++){
res +=arguments[i];
console.log(arguments[i]);
}
return res;
}
undefined
sum(1,2,3)
entry-main-modern-vendor.5b1adfb025cacc11852a.js:1 1
entry-main-modern-vendor.5b1adfb025cacc11852a.js:1 2
entry-main-modern-vendor.5b1adfb025cacc11852a.js:1 3
entry-main-modern-vendor.5b1adfb025cacc11852a.js:1 undefined
NaN
function sum () {
var res = 0;
for(var i = 0; i<arguments.length; i++){
res +=arguments[i];
console.log(arguments[i]);
}
return res;
}
undefined
sum(1,2,3)
entry-main-modern-vendor.5b1adfb025cacc11852a.js:1 1
entry-main-modern-vendor.5b1adfb025cacc11852a.js:1 2
entry-main-modern-vendor.5b1adfb025cacc11852a.js:1 3
6
function sum () {
var res = 0;
for(var i = 0; i<arguments.length; i++){
if(typeof arguments == "number")
{res +=arguments[i];
console.log(arguments[i]);
    }else{
i++;
}
}
return res;
}
undefined
sum(1,2,'a',3)
0
sum(1,2,3)
0
function sum () {
var res = 0;
for(var i = 0; i<arguments.length; i++){
if(typeof arguments[i] == "number")
{res +=arguments[i];
console.log(arguments[i]);
    }else{
i++;
}
}
return res;
}
undefined
sum(1,2,'a',3)
entry-main-modern-vendor.5b1adfb025cacc11852a.js:1 1
entry-main-modern-vendor.5b1adfb025cacc11852a.js:1 2
3
function sum () {
var res = 0;
for(var i = 0; i<arguments.length; i++){
if(typeof arguments[i] == "number")
{res +=arguments[i];
console.log(arguments[i]);
    }else{
i++;
}
}
return res;
}
undefined
sum(1,2,3)
entry-main-modern-vendor.5b1adfb025cacc11852a.js:1 1
entry-main-modern-vendor.5b1adfb025cacc11852a.js:1 2
entry-main-modern-vendor.5b1adfb025cacc11852a.js:1 3
6
sum(1,2,3,'a')
entry-main-modern-vendor.5b1adfb025cacc11852a.js:1 1
entry-main-modern-vendor.5b1adfb025cacc11852a.js:1 2
entry-main-modern-vendor.5b1adfb025cacc11852a.js:1 3
6
sum(1,"c",2,3,'a')
entry-main-modern-vendor.5b1adfb025cacc11852a.js:1 1
entry-main-modern-vendor.5b1adfb025cacc11852a.js:1 3
4
sum(1,"c",2,'d',3,'a')
entry-main-modern-vendor.5b1adfb025cacc11852a.js:1 1
1
